<?xml version="1.0" encoding="UTF-8"?>
<!-- Generated by org.testng.reporters.JUnitReportReporter -->
<testsuite hostname="Abhishek" failures="0" tests="2" name="testRunner.testRunner_testNG" time="10.732" errors="0" timestamp="2024-03-25T12:40:09 IST" skipped="0">
  <testcase classname="testRunner.testRunner_testNG" name="runScenario" time="8.167"/>
  <testcase classname="testRunner.testRunner_testNG" name="runScenario" time="2.565"/>
</testsuite> <!-- testRunner.testRunner_testNG -->
