<?xml version="1.0" encoding="UTF-8"?>
<!-- Generated by org.testng.reporters.JUnitReportReporter -->
<testsuite hostname="Abhishek" failures="0" tests="2" name="testRunner.testRunner_testNG" time="7.067" errors="0" timestamp="2024-03-25T13:40:38 IST" skipped="0">
  <testcase classname="testRunner.testRunner_testNG" name="runScenario" time="4.714"/>
  <testcase classname="testRunner.testRunner_testNG" name="runScenario" time="2.353"/>
</testsuite> <!-- testRunner.testRunner_testNG -->
