<?xml version="1.0" encoding="UTF-8"?>
<!-- Generated by org.testng.reporters.JUnitReportReporter -->
<testsuite hostname="Abhishek" failures="0" tests="2" name="testRunner.testRunner_testNG" time="8.325" errors="0" timestamp="2024-05-01T11:37:25 IST" skipped="0">
  <testcase classname="testRunner.testRunner_testNG" name="runScenario" time="5.714"/>
  <testcase classname="testRunner.testRunner_testNG" name="runScenario" time="2.611"/>
</testsuite> <!-- testRunner.testRunner_testNG -->
