<?xml version="1.0" encoding="UTF-8"?>
<!-- Generated by org.testng.reporters.JUnitReportReporter -->
<testsuite hostname="Abhishek" failures="0" tests="2" name="testRunner.testRunner_testNG" time="6.445" errors="0" timestamp="2024-03-25T13:45:57 IST" skipped="0">
  <testcase classname="testRunner.testRunner_testNG" name="runScenario" time="3.814"/>
  <testcase classname="testRunner.testRunner_testNG" name="runScenario" time="2.631"/>
</testsuite> <!-- testRunner.testRunner_testNG -->
